<?xml version="1.0" encoding="UTF-8"?>
<testsuite name="com.jojoldu.book.springboot.web.HelloControllerTest" tests="2" skipped="0" failures="0" errors="0" timestamp="2021-12-26T09:40:15" hostname="YejinKim-MacBookPro.local" time="0.055">
  <properties/>
  <testcase name="hello가_리턴된다" classname="com.jojoldu.book.springboot.web.HelloControllerTest" time="0.014"/>
  <testcase name="helloDto가_리턴된다" classname="com.jojoldu.book.springboot.web.HelloControllerTest" time="0.039"/>
  <system-out><![CDATA[2021-12-26 18:40:15.007  INFO 9388 --- [    Test worker] .b.t.a.w.s.WebMvcTestContextBootstrapper : Neither @ContextConfiguration nor @ContextHierarchy found for test class [com.jojoldu.book.springboot.web.HelloControllerTest], using SpringBootContextLoader
2021-12-26 18:40:15.008  INFO 9388 --- [    Test worker] o.s.t.c.support.AbstractContextLoader    : Could not detect default resource locations for test class [com.jojoldu.book.springboot.web.HelloControllerTest]: no resource found for suffixes {-context.xml, Context.groovy}.
2021-12-26 18:40:15.008  INFO 9388 --- [    Test worker] t.c.s.AnnotationConfigContextLoaderUtils : Could not detect default configuration classes for test class [com.jojoldu.book.springboot.web.HelloControllerTest]: HelloControllerTest does not declare any static, non-private, non-final, nested classes annotated with @Configuration.
2021-12-26 18:40:15.023  INFO 9388 --- [    Test worker] .b.t.c.SpringBootTestContextBootstrapper : Found @SpringBootConfiguration com.jojoldu.book.springboot.Application for test class com.jojoldu.book.springboot.web.HelloControllerTest
2021-12-26 18:40:15.023  INFO 9388 --- [    Test worker] .b.t.a.w.s.WebMvcTestContextBootstrapper : Loaded default TestExecutionListener class names from location [META-INF/spring.factories]: [org.springframework.security.test.context.support.WithSecurityContextTestExecutionListener, org.springframework.security.test.context.support.ReactorContextTestExecutionListener, org.springframework.boot.test.autoconfigure.restdocs.RestDocsTestExecutionListener, org.springframework.boot.test.autoconfigure.web.client.MockRestServiceServerResetTestExecutionListener, org.springframework.boot.test.autoconfigure.web.servlet.MockMvcPrintOnlyOnFailureTestExecutionListener, org.springframework.boot.test.autoconfigure.web.servlet.WebDriverTestExecutionListener, org.springframework.boot.test.mock.mockito.MockitoTestExecutionListener, org.springframework.boot.test.mock.mockito.ResetMocksTestExecutionListener, org.springframework.test.context.web.ServletTestExecutionListener, org.springframework.test.context.support.DirtiesContextBeforeModesTestExecutionListener, org.springframework.test.context.support.DependencyInjectionTestExecutionListener, org.springframework.test.context.support.DirtiesContextTestExecutionListener, org.springframework.test.context.transaction.TransactionalTestExecutionListener, org.springframework.test.context.jdbc.SqlScriptsTestExecutionListener]
2021-12-26 18:40:15.024  INFO 9388 --- [    Test worker] .b.t.a.w.s.WebMvcTestContextBootstrapper : Using TestExecutionListeners: [org.springframework.test.context.web.ServletTestExecutionListener@5b9e40b, org.springframework.test.context.support.DirtiesContextBeforeModesTestExecutionListener@3fbe48d4, org.springframework.boot.test.mock.mockito.MockitoTestExecutionListener@3f220c2e, org.springframework.boot.test.autoconfigure.SpringBootDependencyInjectionTestExecutionListener@7f073e2d, org.springframework.test.context.support.DirtiesContextTestExecutionListener@3554147a, org.springframework.test.context.transaction.TransactionalTestExecutionListener@78e112ec, org.springframework.test.context.jdbc.SqlScriptsTestExecutionListener@578d32a2, org.springframework.security.test.context.support.WithSecurityContextTestExecutionListener@113d8828, org.springframework.security.test.context.support.ReactorContextTestExecutionListener@4dfa9b1, org.springframework.boot.test.autoconfigure.restdocs.RestDocsTestExecutionListener@7459bdb4, org.springframework.boot.test.autoconfigure.web.client.MockRestServiceServerResetTestExecutionListener@4aff89bf, org.springframework.boot.test.autoconfigure.web.servlet.MockMvcPrintOnlyOnFailureTestExecutionListener@37fe2400, org.springframework.boot.test.autoconfigure.web.servlet.WebDriverTestExecutionListener@4e15816f, org.springframework.boot.test.mock.mockito.ResetMocksTestExecutionListener@77183104]

  .   ____          _            __ _ _
 /\\ / ___'_ __ _ _(_)_ __  __ _ \ \ \ \
( ( )\___ | '_ | '_| | '_ \/ _` | \ \ \ \
 \\/  ___)| |_)| | | | | || (_| |  ) ) ) )
  '  |____| .__|_| |_|_| |_\__, | / / / /
 =========|_|==============|___/=/_/_/_/
 :: Spring Boot ::        (v2.1.7.RELEASE)

2021-12-26 18:40:15.047  INFO 9388 --- [    Test worker] c.j.b.s.web.HelloControllerTest          : Starting HelloControllerTest on YejinKim-MacBookPro.local with PID 9388 (started by yejinkim in /Users/yejinkim/Desktop/heyazoo1007/practiceproject)
2021-12-26 18:40:15.049  INFO 9388 --- [    Test worker] c.j.b.s.web.HelloControllerTest          : No active profile set, falling back to default profiles: default
2021-12-26 18:40:15.356  INFO 9388 --- [    Test worker] o.s.s.concurrent.ThreadPoolTaskExecutor  : Initializing ExecutorService 'applicationTaskExecutor'
2021-12-26 18:40:15.383  INFO 9388 --- [    Test worker] o.s.b.a.w.s.WelcomePageHandlerMapping    : Adding welcome page template: index
2021-12-26 18:40:15.517  INFO 9388 --- [    Test worker] .s.s.UserDetailsServiceAutoConfiguration : 

Using generated security password: b1cf85d3-a940-4c1e-bcb8-fa523603edb5

2021-12-26 18:40:15.609  INFO 9388 --- [    Test worker] o.s.s.web.DefaultSecurityFilterChain     : Creating filter chain: any request, [org.springframework.security.web.context.request.async.WebAsyncManagerIntegrationFilter@4aefb2a8, org.springframework.security.web.context.SecurityContextPersistenceFilter@72b75495, org.springframework.security.web.header.HeaderWriterFilter@89ccfc9, org.springframework.security.web.csrf.CsrfFilter@3eafdea2, org.springframework.security.web.authentication.logout.LogoutFilter@21073d6d, org.springframework.security.web.authentication.UsernamePasswordAuthenticationFilter@621b93c2, org.springframework.security.web.authentication.ui.DefaultLoginPageGeneratingFilter@5f8c90f1, org.springframework.security.web.authentication.ui.DefaultLogoutPageGeneratingFilter@749dd01, org.springframework.security.web.authentication.www.BasicAuthenticationFilter@1dfb3ad1, org.springframework.security.web.savedrequest.RequestCacheAwareFilter@4ba95122, org.springframework.security.web.servletapi.SecurityContextHolderAwareRequestFilter@25a52d19, org.springframework.security.web.authentication.AnonymousAuthenticationFilter@43a0528b, org.springframework.security.web.session.SessionManagementFilter@48865ab6, org.springframework.security.web.access.ExceptionTranslationFilter@1785c44d, org.springframework.security.web.access.intercept.FilterSecurityInterceptor@10bef7fc]
2021-12-26 18:40:15.619  INFO 9388 --- [    Test worker] o.s.b.t.m.w.SpringBootMockServletContext : Initializing Spring TestDispatcherServlet ''
2021-12-26 18:40:15.619  INFO 9388 --- [    Test worker] o.s.t.web.servlet.TestDispatcherServlet  : Initializing Servlet ''
2021-12-26 18:40:15.621  INFO 9388 --- [    Test worker] o.s.t.web.servlet.TestDispatcherServlet  : Completed initialization in 2 ms
2021-12-26 18:40:15.645  INFO 9388 --- [    Test worker] c.j.b.s.web.HelloControllerTest          : Started HelloControllerTest in 0.616 seconds (JVM running for 6.534)
]]></system-out>
  <system-err><![CDATA[]]></system-err>
</testsuite>
